<?xml version="1.0" encoding="UTF-8"?>
<testng-results ignored="0" total="2" passed="1" failed="1" skipped="0">
  <reporter-output>
  </reporter-output>
  <suite started-at="2023-10-25T11:03:59Z" name="Default suite" finished-at="2023-10-25T11:04:25Z" duration-ms="26068">
    <groups>
    </groups>
    <test started-at="2023-10-25T11:03:59Z" name="Default test" finished-at="2023-10-25T11:04:25Z" duration-ms="26068">
      <class name="extentReportExample.ExtentReportsTestCase_Method1">
        <test-method is-config="true" signature="startReport()[pri:0, instance:extentReportExample.ExtentReportsTestCase_Method1@ca30bc1]" started-at="2023-10-25T16:33:59Z" name="startReport" finished-at="2023-10-25T16:33:59Z" duration-ms="163" status="PASS">
          <reporter-output>
          </reporter-output>
        </test-method> <!-- startReport -->
        <test-method is-config="true" signature="setup()[pri:0, instance:extentReportExample.ExtentReportsTestCase_Method1@ca30bc1]" started-at="2023-10-25T16:33:59Z" name="setup" finished-at="2023-10-25T16:34:12Z" duration-ms="12921" status="PASS">
          <reporter-output>
          </reporter-output>
        </test-method> <!-- setup -->
        <test-method signature="verifyLogo()[pri:0, instance:extentReportExample.ExtentReportsTestCase_Method1@ca30bc1]" started-at="2023-10-25T16:34:12Z" name="verifyLogo" finished-at="2023-10-25T16:34:12Z" duration-ms="85" status="FAIL">
          <exception class="java.lang.AssertionError">
            <message>
              <![CDATA[expected [false] but found [true]]]>
            </message>
            <full-stacktrace>
              <![CDATA[java.lang.AssertionError: expected [false] but found [true]
	at org.testng.Assert.fail(Assert.java:94)
	at org.testng.Assert.failNotEquals(Assert.java:513)
	at org.testng.Assert.assertFalse(Assert.java:63)
	at org.testng.Assert.assertFalse(Assert.java:73)
	at extentReportExample.ExtentReportsTestCase_Method1.verifyLogo(ExtentReportsTestCase_Method1.java:121)
	at java.base/jdk.internal.reflect.NativeMethodAccessorImpl.invoke0(Native Method)
	at java.base/jdk.internal.reflect.NativeMethodAccessorImpl.invoke(NativeMethodAccessorImpl.java:77)
	at java.base/jdk.internal.reflect.DelegatingMethodAccessorImpl.invoke(DelegatingMethodAccessorImpl.java:43)
	at java.base/java.lang.reflect.Method.invoke(Method.java:568)
	at org.testng.internal.MethodInvocationHelper.invokeMethod(MethodInvocationHelper.java:104)
	at org.testng.internal.Invoker.invokeMethod(Invoker.java:645)
	at org.testng.internal.Invoker.invokeTestMethod(Invoker.java:851)
	at org.testng.internal.Invoker.invokeTestMethods(Invoker.java:1177)
	at org.testng.internal.TestMethodWorker.invokeTestMethods(TestMethodWorker.java:129)
	at org.testng.internal.TestMethodWorker.run(TestMethodWorker.java:112)
	at org.testng.TestRunner.privateRun(TestRunner.java:756)
	at org.testng.TestRunner.run(TestRunner.java:610)
	at org.testng.SuiteRunner.runTest(SuiteRunner.java:387)
	at org.testng.SuiteRunner.runSequentially(SuiteRunner.java:382)
	at org.testng.SuiteRunner.privateRun(SuiteRunner.java:340)
	at org.testng.SuiteRunner.run(SuiteRunner.java:289)
	at org.testng.SuiteRunnerWorker.runSuite(SuiteRunnerWorker.java:52)
	at org.testng.SuiteRunnerWorker.run(SuiteRunnerWorker.java:86)
	at org.testng.TestNG.runSuitesSequentially(TestNG.java:1293)
	at org.testng.TestNG.runSuitesLocally(TestNG.java:1218)
	at org.testng.TestNG.runSuites(TestNG.java:1133)
	at org.testng.TestNG.run(TestNG.java:1104)
	at org.testng.remote.AbstractRemoteTestNG.run(AbstractRemoteTestNG.java:115)
	at org.testng.remote.RemoteTestNG.initAndRun(RemoteTestNG.java:251)
	at org.testng.remote.RemoteTestNG.main(RemoteTestNG.java:77)
]]>
            </full-stacktrace>
          </exception> <!-- java.lang.AssertionError -->
          <reporter-output>
          </reporter-output>
        </test-method> <!-- verifyLogo -->
        <test-method is-config="true" signature="getResult(org.testng.ITestResult)[pri:0, instance:extentReportExample.ExtentReportsTestCase_Method1@ca30bc1]" started-at="2023-10-25T16:34:12Z" name="getResult" finished-at="2023-10-25T16:34:12Z" duration-ms="500" status="PASS">
          <params>
            <param index="0">
              <value>
                <![CDATA[[TestResult name=verifyLogo status=FAILURE method=ExtentReportsTestCase_Method1.verifyLogo()[pri:0, instance:extentReportExample.ExtentReportsTestCase_Method1@ca30bc1] output={null}]]]>
              </value>
            </param>
          </params>
          <reporter-output>
          </reporter-output>
        </test-method> <!-- getResult -->
        <test-method is-config="true" signature="setup()[pri:0, instance:extentReportExample.ExtentReportsTestCase_Method1@ca30bc1]" started-at="2023-10-25T16:34:12Z" name="setup" finished-at="2023-10-25T16:34:24Z" duration-ms="11727" status="PASS">
          <reporter-output>
          </reporter-output>
        </test-method> <!-- setup -->
        <test-method signature="verifyTitle()[pri:0, instance:extentReportExample.ExtentReportsTestCase_Method1@ca30bc1]" started-at="2023-10-25T16:34:24Z" name="verifyTitle" finished-at="2023-10-25T16:34:24Z" duration-ms="10" status="PASS">
          <reporter-output>
          </reporter-output>
        </test-method> <!-- verifyTitle -->
        <test-method is-config="true" signature="getResult(org.testng.ITestResult)[pri:0, instance:extentReportExample.ExtentReportsTestCase_Method1@ca30bc1]" started-at="2023-10-25T16:34:24Z" name="getResult" finished-at="2023-10-25T16:34:24Z" duration-ms="281" status="PASS">
          <params>
            <param index="0">
              <value>
                <![CDATA[[TestResult name=verifyTitle status=SUCCESS method=ExtentReportsTestCase_Method1.verifyTitle()[pri:0, instance:extentReportExample.ExtentReportsTestCase_Method1@ca30bc1] output={null}]]]>
              </value>
            </param>
          </params>
          <reporter-output>
          </reporter-output>
        </test-method> <!-- getResult -->
        <test-method is-config="true" signature="endReport()[pri:0, instance:extentReportExample.ExtentReportsTestCase_Method1@ca30bc1]" started-at="2023-10-25T16:34:24Z" name="endReport" finished-at="2023-10-25T16:34:25Z" duration-ms="362" status="PASS">
          <reporter-output>
          </reporter-output>
        </test-method> <!-- endReport -->
      </class> <!-- extentReportExample.ExtentReportsTestCase_Method1 -->
    </test> <!-- Default test -->
  </suite> <!-- Default suite -->
</testng-results>
